<?xml version="1.0" encoding="UTF-8"?>
<!-- Generated by org.testng.reporters.JUnitXMLReporter -->
<testsuite hostname="aeltsova-vm1" name="Default test" tests="4" failures="0" timestamp="19 Dec 2013 11:59:02 GMT" time="19.338" errors="0">
  <testcase name="testContact" time="6.35" classname="com.example.tests.CreateContactTest"/>
  <testcase name="testContact" time="3.034" classname="com.example.tests.CreateContactTestEmpty"/>
  <testcase name="testNonEmpty" time="3.425" classname="com.example.tests.CreateGroupTest2"/>
  <testcase name="testEmpty" time="3.214" classname="com.example.tests.CreateGroupTest"/>
</testsuite> <!-- Default test -->
