<?xml version="1.0" encoding="UTF-8"?>
<testng-results skipped="0" failed="0" total="4" passed="4">
  <reporter-output>
  </reporter-output>
  <suite name="Default suite" duration-ms="19338" started-at="2013-12-19T11:58:43Z" finished-at="2013-12-19T11:59:02Z">
    <groups>
    </groups>
    <test name="Default test" duration-ms="19338" started-at="2013-12-19T11:58:43Z" finished-at="2013-12-19T11:59:02Z">
      <class name="com.example.tests.CreateGroupTest2">
        <test-method status="PASS" signature="testNonEmpty()[pri:0, instance:com.example.tests.CreateGroupTest2@fd3fba]" name="testNonEmpty" duration-ms="3425" started-at="2013-12-19T15:58:56Z" finished-at="2013-12-19T15:58:59Z">
          <reporter-output>
          </reporter-output>
        </test-method> <!-- testNonEmpty -->
      </class> <!-- com.example.tests.CreateGroupTest2 -->
      <class name="com.example.tests.CreateGroupTest">
        <test-method status="PASS" signature="setUp()[pri:0, instance:com.example.tests.CreateGroupTest@6eb91]" name="setUp" is-config="true" duration-ms="3054" started-at="2013-12-19T15:58:43Z" finished-at="2013-12-19T15:58:46Z">
          <reporter-output>
          </reporter-output>
        </test-method> <!-- setUp -->
        <test-method status="PASS" signature="testEmpty()[pri:0, instance:com.example.tests.CreateGroupTest@6eb91]" name="testEmpty" duration-ms="3214" started-at="2013-12-19T15:58:59Z" finished-at="2013-12-19T15:59:02Z">
          <reporter-output>
          </reporter-output>
        </test-method> <!-- testEmpty -->
        <test-method status="PASS" signature="tearDown()[pri:0, instance:com.example.tests.CreateGroupTest@6eb91]" name="tearDown" is-config="true" duration-ms="240" started-at="2013-12-19T15:59:02Z" finished-at="2013-12-19T15:59:02Z">
          <reporter-output>
          </reporter-output>
        </test-method> <!-- tearDown -->
      </class> <!-- com.example.tests.CreateGroupTest -->
      <class name="com.example.tests.CreateContactTestEmpty">
        <test-method status="PASS" signature="testContact()[pri:0, instance:com.example.tests.CreateContactTestEmpty@1b96457]" name="testContact" duration-ms="3034" started-at="2013-12-19T15:58:52Z" finished-at="2013-12-19T15:58:56Z">
          <reporter-output>
          </reporter-output>
        </test-method> <!-- testContact -->
      </class> <!-- com.example.tests.CreateContactTestEmpty -->
      <class name="com.example.tests.CreateContactTest">
        <test-method status="PASS" signature="testContact()[pri:0, instance:com.example.tests.CreateContactTest@62e15c]" name="testContact" duration-ms="6350" started-at="2013-12-19T15:58:46Z" finished-at="2013-12-19T15:58:52Z">
          <reporter-output>
          </reporter-output>
        </test-method> <!-- testContact -->
      </class> <!-- com.example.tests.CreateContactTest -->
    </test> <!-- Default test -->
  </suite> <!-- Default suite -->
</testng-results>
