<?xml version="1.0" encoding="UTF-8"?>
<testng-results skipped="0" failed="0" total="2" passed="2">
  <reporter-output>
  </reporter-output>
  <suite name="Default suite" duration-ms="10816" started-at="2013-12-19T11:08:15Z" finished-at="2013-12-19T11:08:26Z">
    <groups>
    </groups>
    <test name="Default test" duration-ms="10816" started-at="2013-12-19T11:08:15Z" finished-at="2013-12-19T11:08:26Z">
      <class name="com.example.tests.CreateGroupTest2">
        <test-method status="PASS" signature="setUp()[pri:0, instance:com.example.tests.CreateGroupTest2@2ac92f]" name="setUp" is-config="true" duration-ms="3185" started-at="2013-12-19T15:08:15Z" finished-at="2013-12-19T15:08:18Z">
          <reporter-output>
          </reporter-output>
        </test-method> <!-- setUp -->
        <test-method status="PASS" signature="testNonEmpty()[pri:0, instance:com.example.tests.CreateGroupTest2@2ac92f]" name="testNonEmpty" duration-ms="3394" started-at="2013-12-19T15:08:22Z" finished-at="2013-12-19T15:08:25Z">
          <reporter-output>
          </reporter-output>
        </test-method> <!-- testNonEmpty -->
        <test-method status="PASS" signature="tearDown()[pri:0, instance:com.example.tests.CreateGroupTest2@2ac92f]" name="tearDown" is-config="true" duration-ms="231" started-at="2013-12-19T15:08:25Z" finished-at="2013-12-19T15:08:26Z">
          <reporter-output>
          </reporter-output>
        </test-method> <!-- tearDown -->
      </class> <!-- com.example.tests.CreateGroupTest2 -->
      <class name="com.example.tests.CreateGroupTest">
        <test-method status="PASS" signature="testEmpty()[pri:0, instance:com.example.tests.CreateGroupTest@15e3f46]" name="testEmpty" duration-ms="3975" started-at="2013-12-19T15:08:18Z" finished-at="2013-12-19T15:08:22Z">
          <reporter-output>
          </reporter-output>
        </test-method> <!-- testEmpty -->
      </class> <!-- com.example.tests.CreateGroupTest -->
    </test> <!-- Default test -->
  </suite> <!-- Default suite -->
</testng-results>
